0 info it worked if it ends with ok
1 verbose cli [ 'c:\\Program Files\\nodejs\\node.exe',
1 verbose cli   'C:\\Users\\Administrator\\AppData\\Roaming\\npm\\node_modules\\npm\\bin\\npm-cli.js',
1 verbose cli   'publish',
1 verbose cli   '--access=public' ]
2 info using npm@3.8.7
3 info using node@v4.4.3
4 verbose publish [ '.' ]
5 silly cache add args [ '.', null ]
6 verbose cache add spec .
7 silly cache add parsed spec Result {
7 silly cache add   raw: '.',
7 silly cache add   scope: null,
7 silly cache add   name: null,
7 silly cache add   rawSpec: '.',
7 silly cache add   spec: 'f:\\mygit\\generator-vuepackage',
7 silly cache add   type: 'directory' }
8 verbose addLocalDirectory C:\Users\Administrator\AppData\Roaming\npm-cache\generator-vuepackage\1.0.0\package.tgz not in flight; packing
9 verbose correctMkdir C:\Users\Administrator\AppData\Roaming\npm-cache correctMkdir not in flight; initializing
10 info lifecycle generator-vuepackage@1.0.0~prepublish: generator-vuepackage@1.0.0
11 silly lifecycle generator-vuepackage@1.0.0~prepublish: no script for prepublish, continuing
12 verbose tar pack [ 'C:\\Users\\Administrator\\AppData\\Roaming\\npm-cache\\generator-vuepackage\\1.0.0\\package.tgz',
12 verbose tar pack   'f:\\mygit\\generator-vuepackage' ]
13 verbose tarball C:\Users\Administrator\AppData\Roaming\npm-cache\generator-vuepackage\1.0.0\package.tgz
14 verbose folder f:\mygit\generator-vuepackage
15 verbose addLocalTarball adding from inside cache C:\Users\Administrator\AppData\Roaming\npm-cache\generator-vuepackage\1.0.0\package.tgz
16 verbose correctMkdir C:\Users\Administrator\AppData\Roaming\npm-cache correctMkdir not in flight; initializing
17 silly cache afterAdd generator-vuepackage@1.0.0
18 verbose afterAdd C:\Users\Administrator\AppData\Roaming\npm-cache\generator-vuepackage\1.0.0\package\package.json not in flight; writing
19 verbose correctMkdir C:\Users\Administrator\AppData\Roaming\npm-cache correctMkdir not in flight; initializing
20 verbose afterAdd C:\Users\Administrator\AppData\Roaming\npm-cache\generator-vuepackage\1.0.0\package\package.json written
21 silly publish { name: 'generator-vuepackage',
21 silly publish   version: '1.0.0',
21 silly publish   description: '基于vue+webpack的项目目录快速生成器',
21 silly publish   main: 'index.js',
21 silly publish   dependencies:
21 silly publish    { chai: '^3.5.0',
21 silly publish      chalk: '^1.1.3',
21 silly publish      'fs-extra': '^1.0.0',
21 silly publish      mocha: '^3.2.0',
21 silly publish      vue: '^2.1.3',
21 silly publish      'vue-template-compiler': '^2.1.3',
21 silly publish      webpack: '^1.13.3',
21 silly publish      'yeoman-generator': '^0.24.1',
21 silly publish      yosay: '^1.2.1' },
21 silly publish   devDependencies:
21 silly publish    { 'autoprefixer-loader': '^3.2.0',
21 silly publish      'css-loader': '^0.26.0',
21 silly publish      'html-loader': '^0.4.4',
21 silly publish      'style-loader': '^0.13.1',
21 silly publish      'vue-html-loader': '^1.2.3',
21 silly publish      'vue-loader': '^10.0.1',
21 silly publish      'webpack-dev-server': '^1.16.2' },
21 silly publish   scripts: { test: 'echo "Error: no test specified" && exit 1' },
21 silly publish   repository:
21 silly publish    { type: 'git',
21 silly publish      url: 'git+https://github.com/cmr007/vuepackage.git' },
21 silly publish   keywords: [ 'yeoman-generator' ],
21 silly publish   author: { name: 'kallyCai' },
21 silly publish   license: 'ISC',
21 silly publish   bugs: { url: 'https://github.com/cmr007/vuepackage/issues' },
21 silly publish   homepage: 'https://github.com/cmr007/vuepackage#readme',
21 silly publish   readme: '<!-- \r\n这是一个vue+webpack的入门级项目，欢迎批评指正\r\n -->\r\n 1. 安装项目依赖\r\n \t$ npm i\r\n 2. 编译\r\n\t执行$ webpack 或 $ webpack -w\r\n 3. 访问\r\n    $ webpack-dev-server\r\n    http://localhost:8080/\r\n',
21 silly publish   readmeFilename: 'README.md',
21 silly publish   gitHead: '06e310acc62c049307db348531e6dc7f16b35c3d',
21 silly publish   _id: 'generator-vuepackage@1.0.0',
21 silly publish   _shasum: '43d493fe2f56daf06f2191c7f74d52e620748a76',
21 silly publish   _from: '.' }
22 verbose getPublishConfig undefined
23 silly mapToRegistry name generator-vuepackage
24 silly mapToRegistry using default registry
25 silly mapToRegistry registry https://registry.npmjs.org/
26 silly mapToRegistry data Result {
26 silly mapToRegistry   raw: 'generator-vuepackage',
26 silly mapToRegistry   scope: null,
26 silly mapToRegistry   name: 'generator-vuepackage',
26 silly mapToRegistry   rawSpec: '',
26 silly mapToRegistry   spec: 'latest',
26 silly mapToRegistry   type: 'tag' }
27 silly mapToRegistry uri https://registry.npmjs.org/generator-vuepackage
28 verbose publish registryBase https://registry.npmjs.org/
29 silly publish uploading C:\Users\Administrator\AppData\Roaming\npm-cache\generator-vuepackage\1.0.0\package.tgz
30 verbose request uri https://registry.npmjs.org/generator-vuepackage
31 verbose request sending authorization for write operation
32 info attempt registry request try #1 at 10:42:10
33 verbose request using bearer token for auth
34 verbose request id ddb55e6ec0a75a81
35 http request PUT https://registry.npmjs.org/generator-vuepackage
36 http 403 https://registry.npmjs.org/generator-vuepackage
37 verbose headers { 'content-type': 'application/json',
37 verbose headers   'cache-control': 'max-age=300',
37 verbose headers   'content-length': '95',
37 verbose headers   'accept-ranges': 'bytes',
37 verbose headers   date: 'Wed, 30 Nov 2016 02:42:12 GMT',
37 verbose headers   via: '1.1 varnish',
37 verbose headers   connection: 'keep-alive',
37 verbose headers   'x-served-by': 'cache-ams4435-AMS',
37 verbose headers   'x-cache': 'MISS',
37 verbose headers   'x-cache-hits': '0',
37 verbose headers   'x-timer': 'S1480473731.501867,VS0,VE1204',
37 verbose headers   vary: 'Accept-Encoding' }
38 verbose request invalidating C:\Users\Administrator\AppData\Roaming\npm-cache\registry.npmjs.org\generator-vuepackage on PUT
39 error publish Failed PUT 403
40 verbose stack Error: "You cannot publish over the previously published version 1.0.0." : generator-vuepackage
40 verbose stack     at makeError (C:\Users\Administrator\AppData\Roaming\npm\node_modules\npm\node_modules\npm-registry-client\lib\request.js:264:12)
40 verbose stack     at CachingRegistryClient.<anonymous> (C:\Users\Administrator\AppData\Roaming\npm\node_modules\npm\node_modules\npm-registry-client\lib\request.js:252:14)
40 verbose stack     at Request._callback (C:\Users\Administrator\AppData\Roaming\npm\node_modules\npm\node_modules\npm-registry-client\lib\request.js:172:14)
40 verbose stack     at Request.self.callback (C:\Users\Administrator\AppData\Roaming\npm\node_modules\npm\node_modules\request\request.js:200:22)
40 verbose stack     at emitTwo (events.js:87:13)
40 verbose stack     at Request.emit (events.js:172:7)
40 verbose stack     at Request.<anonymous> (C:\Users\Administrator\AppData\Roaming\npm\node_modules\npm\node_modules\request\request.js:1041:10)
40 verbose stack     at emitOne (events.js:82:20)
40 verbose stack     at Request.emit (events.js:169:7)
40 verbose stack     at IncomingMessage.<anonymous> (C:\Users\Administrator\AppData\Roaming\npm\node_modules\npm\node_modules\request\request.js:968:12)
41 verbose statusCode 403
42 verbose pkgid generator-vuepackage
43 verbose cwd f:\mygit\generator-vuepackage
44 error Windows_NT 10.0.14393
45 error argv "c:\\Program Files\\nodejs\\node.exe" "C:\\Users\\Administrator\\AppData\\Roaming\\npm\\node_modules\\npm\\bin\\npm-cli.js" "publish" "--access=public"
46 error node v4.4.3
47 error npm  v3.8.7
48 error code E403
49 error "You cannot publish over the previously published version 1.0.0." : generator-vuepackage
50 error If you need help, you may report this error at:
50 error     <https://github.com/npm/npm/issues>
51 verbose exit [ 1, true ]
